Build started 15/5/2019 2:57:11 PM.
     1>Project "D:\Giai bài tập lập trình nâng cao\Giai bài tập lập trình nâng cao\42. Template điểm không gian Oxy và Oxyz\42. Template điểm không gian Oxy và Oxyz.vcxproj" on node 2 (Rebuild target(s)).
     1>ClCompile:
         C:\Program Files (x86)\Microsoft Visual Studio 12.0\VC\bin\CL.exe /c /ZI /nologo /W3 /WX- /sdl /Od /Oy- /D WIN32 /D _DEBUG /D _CONSOLE /D _LIB /D _UNICODE /D UNICODE /Gm /EHsc /RTC1 /MDd /GS /fp:precise /Zc:wchar_t /Zc:forScope /Fo"Debug\\" /Fd"Debug\vc120.pdb" /Gd /TP /analyze- /errorReport:prompt Source.cpp
         Source.cpp
     1>d:\giai bài tập lập trình nâng cao\giai bài tập lập trình nâng cao\42. template điểm không gian oxy và oxyz\source.cpp(77): warning C4018: '<' : signed/unsigned mismatch
                 d:\giai bài tập lập trình nâng cao\giai bài tập lập trình nâng cao\42. template điểm không gian oxy và oxyz\source.cpp(75) : while compiling class template member function 'float Arr<Oxy>::Khoangcachmax(void)'
                 d:\giai bài tập lập trình nâng cao\giai bài tập lập trình nâng cao\42. template điểm không gian oxy và oxyz\source.cpp(142) : see reference to function template instantiation 'float Arr<Oxy>::Khoangcachmax(void)' being compiled
                 d:\giai bài tập lập trình nâng cao\giai bài tập lập trình nâng cao\42. template điểm không gian oxy và oxyz\source.cpp(125) : see reference to class template instantiation 'Arr<Oxy>' being compiled
     1>d:\giai bài tập lập trình nâng cao\giai bài tập lập trình nâng cao\42. template điểm không gian oxy và oxyz\source.cpp(78): warning C4018: '<' : signed/unsigned mismatch
     1>d:\giai bài tập lập trình nâng cao\giai bài tập lập trình nâng cao\42. template điểm không gian oxy và oxyz\source.cpp(87): warning C4018: '<' : signed/unsigned mismatch
                 d:\giai bài tập lập trình nâng cao\giai bài tập lập trình nâng cao\42. template điểm không gian oxy và oxyz\source.cpp(86) : while compiling class template member function 'void Arr<Oxy>::Mangtangdan(void)'
                 d:\giai bài tập lập trình nâng cao\giai bài tập lập trình nâng cao\42. template điểm không gian oxy và oxyz\source.cpp(139) : see reference to function template instantiation 'void Arr<Oxy>::Mangtangdan(void)' being compiled
     1>d:\giai bài tập lập trình nâng cao\giai bài tập lập trình nâng cao\42. template điểm không gian oxy và oxyz\source.cpp(88): warning C4018: '<' : signed/unsigned mismatch
     1>d:\giai bài tập lập trình nâng cao\giai bài tập lập trình nâng cao\42. template điểm không gian oxy và oxyz\source.cpp(98): warning C4018: '<' : signed/unsigned mismatch
                 d:\giai bài tập lập trình nâng cao\giai bài tập lập trình nâng cao\42. template điểm không gian oxy và oxyz\source.cpp(97) : while compiling class template member function 'void Arr<Oxyz>::Manggiamdan(void)'
                 d:\giai bài tập lập trình nâng cao\giai bài tập lập trình nâng cao\42. template điểm không gian oxy và oxyz\source.cpp(140) : see reference to function template instantiation 'void Arr<Oxyz>::Manggiamdan(void)' being compiled
     1>d:\giai bài tập lập trình nâng cao\giai bài tập lập trình nâng cao\42. template điểm không gian oxy và oxyz\source.cpp(99): warning C4018: '<' : signed/unsigned mismatch
     1>d:\giai bài tập lập trình nâng cao\giai bài tập lập trình nâng cao\42. template điểm không gian oxy và oxyz\source.cpp(118): warning C4018: '<' : signed/unsigned mismatch
                 d:\giai bài tập lập trình nâng cao\giai bài tập lập trình nâng cao\42. template điểm không gian oxy và oxyz\source.cpp(141) : see reference to function template instantiation 'std::ostream &operator <<<Oxy>(std::ostream &,Arr<Oxy>)' being compiled
       Link:
         C:\Program Files (x86)\Microsoft Visual Studio 12.0\VC\bin\link.exe /ERRORREPORT:PROMPT /OUT:"D:\Giai bài tập lập trình nâng cao\Giai bài tập lập trình nâng cao\Debug\42. Template điểm không gian Oxy và Oxyz.exe" /INCREMENTAL /NOLOGO kernel32.lib user32.lib gdi32.lib winspool.lib comdlg32.lib advapi32.lib shell32.lib ole32.lib oleaut32.lib uuid.lib odbc32.lib odbccp32.lib /MANIFEST /MANIFESTUAC:"level='asInvoker' uiAccess='false'" /manifest:embed /DEBUG /PDB:"D:\Giai bài tập lập trình nâng cao\Giai bài tập lập trình nâng cao\Debug\42. Template điểm không gian Oxy và Oxyz.pdb" /SUBSYSTEM:CONSOLE /TLBID:1 /DYNAMICBASE /NXCOMPAT /IMPLIB:"D:\Giai bài tập lập trình nâng cao\Giai bài tập lập trình nâng cao\Debug\42. Template điểm không gian Oxy và Oxyz.lib" /MACHINE:X86 Debug\Source.obj
         42. Template điểm không gian Oxy và Oxyz.vcxproj -> D:\Giai bài tập lập trình nâng cao\Giai bài tập lập trình nâng cao\Debug\42. Template điểm không gian Oxy và Oxyz.exe
     1>Done Building Project "D:\Giai bài tập lập trình nâng cao\Giai bài tập lập trình nâng cao\42. Template điểm không gian Oxy và Oxyz\42. Template điểm không gian Oxy và Oxyz.vcxproj" (Rebuild target(s)).

Build succeeded.

Time Elapsed 00:00:02.56
