Build started 15/5/2019 2:57:10 PM.
     1>Project "D:\Giai bài tập lập trình nâng cao\Giai bài tập lập trình nâng cao\39. Template số mới\39. Template số mới.vcxproj" on node 3 (Rebuild target(s)).
     1>ClCompile:
         C:\Program Files (x86)\Microsoft Visual Studio 12.0\VC\bin\CL.exe /c /ZI /nologo /W3 /WX- /sdl /Od /Oy- /D WIN32 /D _DEBUG /D _CONSOLE /D _LIB /D _UNICODE /D UNICODE /Gm /EHsc /RTC1 /MDd /GS /fp:precise /Zc:wchar_t /Zc:forScope /Fo"Debug\\" /Fd"Debug\vc120.pdb" /Gd /TP /analyze- /errorReport:prompt Source.cpp
         Source.cpp
     1>d:\giai bài tập lập trình nâng cao\giai bài tập lập trình nâng cao\39. template số mới\source.cpp(16): warning C4244: 'initializing' : conversion from 'double' to 'int', possible loss of data
     1>d:\giai bài tập lập trình nâng cao\giai bài tập lập trình nâng cao\39. template số mới\source.cpp(17): warning C4244: 'initializing' : conversion from 'double' to 'int', possible loss of data
     1>d:\giai bài tập lập trình nâng cao\giai bài tập lập trình nâng cao\39. template số mới\source.cpp(36): warning C4244: 'initializing' : conversion from 'double' to 'int', possible loss of data
     1>d:\giai bài tập lập trình nâng cao\giai bài tập lập trình nâng cao\39. template số mới\source.cpp(37): warning C4244: 'initializing' : conversion from 'double' to 'int', possible loss of data
     1>d:\giai bài tập lập trình nâng cao\giai bài tập lập trình nâng cao\39. template số mới\source.cpp(55): warning C4244: 'initializing' : conversion from 'double' to 'int', possible loss of data
     1>d:\giai bài tập lập trình nâng cao\giai bài tập lập trình nâng cao\39. template số mới\source.cpp(56): warning C4244: 'initializing' : conversion from 'double' to 'int', possible loss of data
     1>d:\giai bài tập lập trình nâng cao\giai bài tập lập trình nâng cao\39. template số mới\source.cpp(86): warning C4018: '<' : signed/unsigned mismatch
                 d:\giai bài tập lập trình nâng cao\giai bài tập lập trình nâng cao\39. template số mới\source.cpp(84) : while compiling class template member function 'int Arr<int>::Giatrilonnhat(void)'
                 d:\giai bài tập lập trình nâng cao\giai bài tập lập trình nâng cao\39. template số mới\source.cpp(128) : see reference to function template instantiation 'int Arr<int>::Giatrilonnhat(void)' being compiled
                 d:\giai bài tập lập trình nâng cao\giai bài tập lập trình nâng cao\39. template số mới\source.cpp(126) : see reference to class template instantiation 'Arr<int>' being compiled
     1>d:\giai bài tập lập trình nâng cao\giai bài tập lập trình nâng cao\39. template số mới\source.cpp(96): warning C4018: '<' : signed/unsigned mismatch
                 d:\giai bài tập lập trình nâng cao\giai bài tập lập trình nâng cao\39. template số mới\source.cpp(93) : while compiling class template member function 'int Arr<int>::Soluongbienmax(void)'
                 d:\giai bài tập lập trình nâng cao\giai bài tập lập trình nâng cao\39. template số mới\source.cpp(129) : see reference to function template instantiation 'int Arr<int>::Soluongbienmax(void)' being compiled
     1>d:\giai bài tập lập trình nâng cao\giai bài tập lập trình nâng cao\39. template số mới\source.cpp(105): warning C4018: '<' : signed/unsigned mismatch
                 d:\giai bài tập lập trình nâng cao\giai bài tập lập trình nâng cao\39. template số mới\source.cpp(103) : while compiling class template member function 'int Arr<int>::Tong(void)'
                 d:\giai bài tập lập trình nâng cao\giai bài tập lập trình nâng cao\39. template số mới\source.cpp(130) : see reference to function template instantiation 'int Arr<int>::Tong(void)' being compiled
       Link:
         C:\Program Files (x86)\Microsoft Visual Studio 12.0\VC\bin\link.exe /ERRORREPORT:PROMPT /OUT:"D:\Giai bài tập lập trình nâng cao\Giai bài tập lập trình nâng cao\Debug\39. Template số mới.exe" /INCREMENTAL /NOLOGO kernel32.lib user32.lib gdi32.lib winspool.lib comdlg32.lib advapi32.lib shell32.lib ole32.lib oleaut32.lib uuid.lib odbc32.lib odbccp32.lib /MANIFEST /MANIFESTUAC:"level='asInvoker' uiAccess='false'" /manifest:embed /DEBUG /PDB:"D:\Giai bài tập lập trình nâng cao\Giai bài tập lập trình nâng cao\Debug\39. Template số mới.pdb" /SUBSYSTEM:CONSOLE /TLBID:1 /DYNAMICBASE /NXCOMPAT /IMPLIB:"D:\Giai bài tập lập trình nâng cao\Giai bài tập lập trình nâng cao\Debug\39. Template số mới.lib" /MACHINE:X86 Debug\Source.obj
         39. Template số mới.vcxproj -> D:\Giai bài tập lập trình nâng cao\Giai bài tập lập trình nâng cao\Debug\39. Template số mới.exe
     1>Done Building Project "D:\Giai bài tập lập trình nâng cao\Giai bài tập lập trình nâng cao\39. Template số mới\39. Template số mới.vcxproj" (Rebuild target(s)).

Build succeeded.

Time Elapsed 00:00:04.37
